# JRE version: OpenJDK Runtime Environment OpenLogic-OpenJDK (17.0.12+7) (build 17.0.12+7-adhoc..jdk17u)
# Java VM: OpenJDK 64-Bit Server VM OpenLogic-OpenJDK (17.0.12+7-adhoc..jdk17u, mixed mode, sharing, tiered, compressed oops, compressed class ptrs, g1 gc, windows-amd64)
GC Precious Log:
 CPUs: 8 total, 8 available
 Memory: 16194M
 Large Page Support: Disabled
 NUMA Support: Disabled
 Compressed Oops: Enabled (32-bit)
 Heap Region Size: 1M
 Heap Min Capacity: 8M
 Heap Initial Capacity: 254M
 Heap Max Capacity: 2G
 Pre-touch: Disabled
 Parallel Workers: 8
 Concurrent Workers: 2
 Concurrent Refinement Workers: 8
 Periodic GC: Disabled
Heap:
 garbage-first heap   total 423936K, used 367350K [0x0000000080000000, 0x0000000100000000)
  region size 1024K, 3 young (3072K), 3 survivors (3072K)
 Metaspace       used 137773K, committed 139520K, reserved 557056K
  class space    used 18555K, committed 19392K, reserved 425984K
GC Heap History (20 events):
Event: 46.221 GC heap after
{Heap after GC invocations=76 (full 0):
 garbage-first heap   total 423936K, used 339083K [0x0000000080000000, 0x0000000100000000)
  region size 1024K, 3 young (3072K), 3 survivors (3072K)
 Metaspace       used 127489K, committed 129280K, reserved 557056K
  class space    used 17326K, committed 18176K, reserved 425984K
}
Event: 47.061 GC heap before
{Heap before GC invocations=76 (full 0):
 garbage-first heap   total 423936K, used 368779K [0x0000000080000000, 0x0000000100000000)
  region size 1024K, 33 young (33792K), 3 survivors (3072K)
 Metaspace       used 127734K, committed 129472K, reserved 557056K
  class space    used 17349K, committed 18176K, reserved 425984K
}
Event: 47.066 GC heap after
{Heap after GC invocations=77 (full 0):
 garbage-first heap   total 423936K, used 339870K [0x0000000080000000, 0x0000000100000000)
  region size 1024K, 2 young (2048K), 2 survivors (2048K)
 Metaspace       used 127734K, committed 129472K, reserved 557056K
  class space    used 17349K, committed 18176K, reserved 425984K
}
Event: 48.218 GC heap before
{Heap before GC invocations=77 (full 0):
 garbage-first heap   total 423936K, used 371614K [0x0000000080000000, 0x0000000100000000)
  region size 1024K, 32 young (32768K), 2 survivors (2048K)
 Metaspace       used 129455K, committed 131200K, reserved 557056K
  class space    used 17583K, committed 18432K, reserved 425984K
}
Event: 48.223 GC heap after
{Heap after GC invocations=78 (full 0):
 garbage-first heap   total 423936K, used 342611K [0x0000000080000000, 0x0000000100000000)
  region size 1024K, 4 young (4096K), 4 survivors (4096K)
 Metaspace       used 129455K, committed 131200K, reserved 557056K
  class space    used 17583K, committed 18432K, reserved 425984K
}
Event: 49.157 GC heap before
{Heap before GC invocations=78 (full 0):
 garbage-first heap   total 423936K, used 374355K [0x0000000080000000, 0x0000000100000000)
  region size 1024K, 32 young (32768K), 4 survivors (4096K)
 Metaspace       used 134927K, committed 136640K, reserved 557056K
  class space    used 18233K, committed 19072K, reserved 425984K
}
Event: 49.165 GC heap after
{Heap after GC invocations=79 (full 0):
 garbage-first heap   total 423936K, used 353350K [0x0000000080000000, 0x0000000100000000)
  region size 1024K, 4 young (4096K), 4 survivors (4096K)
 Metaspace       used 134927K, committed 136640K, reserved 557056K
  class space    used 18233K, committed 19072K, reserved 425984K
}
Event: 49.540 GC heap before
{Heap before GC invocations=79 (full 0):
 garbage-first heap   total 423936K, used 370758K [0x0000000080000000, 0x0000000100000000)
  region size 1024K, 21 young (21504K), 4 survivors (4096K)
 Metaspace       used 135645K, committed 137408K, reserved 557056K
  class space    used 18307K, committed 19136K, reserved 425984K
}
Event: 49.548 GC heap after
{Heap after GC invocations=80 (full 0):
 garbage-first heap   total 423936K, used 357205K [0x0000000080000000, 0x0000000100000000)
  region size 1024K, 3 young (3072K), 3 survivors (3072K)
 Metaspace       used 135645K, committed 137408K, reserved 557056K
  class space    used 18307K, committed 19136K, reserved 425984K
}
Event: 50.450 GC heap before
{Heap before GC invocations=80 (full 0):
 garbage-first heap   total 423936K, used 373589K [0x0000000080000000, 0x0000000100000000)
  region size 1024K, 20 young (20480K), 3 survivors (3072K)
 Metaspace       used 137596K, committed 139328K, reserved 557056K
  class space    used 18529K, committed 19328K, reserved 425984K
}
Event: 50.458 GC heap after
{Heap after GC invocations=81 (full 0):
 garbage-first heap   total 423936K, used 358143K [0x0000000080000000, 0x0000000100000000)
  region size 1024K, 3 young (3072K), 3 survivors (3072K)
 Metaspace       used 137596K, committed 139328K, reserved 557056K
  class space    used 18529K, committed 19328K, reserved 425984K
}
Event: 50.587 GC heap before
{Heap before GC invocations=81 (full 0):
 garbage-first heap   total 423936K, used 374527K [0x0000000080000000, 0x0000000100000000)
  region size 1024K, 20 young (20480K), 3 survivors (3072K)
 Metaspace       used 137607K, committed 139328K, reserved 557056K
  class space    used 18529K, committed 19328K, reserved 425984K
}
Event: 50.595 GC heap after
{Heap after GC invocations=82 (full 0):
 garbage-first heap   total 423936K, used 360858K [0x0000000080000000, 0x0000000100000000)
  region size 1024K, 3 young (3072K), 3 survivors (3072K)
 Metaspace       used 137607K, committed 139328K, reserved 557056K
  class space    used 18529K, committed 19328K, reserved 425984K
}
Event: 50.798 GC heap before
{Heap before GC invocations=82 (full 0):
 garbage-first heap   total 423936K, used 378266K [0x0000000080000000, 0x0000000100000000)
  region size 1024K, 20 young (20480K), 3 survivors (3072K)
 Metaspace       used 137771K, committed 139520K, reserved 557056K
  class space    used 18555K, committed 19392K, reserved 425984K
}
Event: 50.807 GC heap after
{Heap after GC invocations=83 (full 0):
 garbage-first heap   total 423936K, used 364141K [0x0000000080000000, 0x0000000100000000)
  region size 1024K, 3 young (3072K), 3 survivors (3072K)
 Metaspace       used 137771K, committed 139520K, reserved 557056K
  class space    used 18555K, committed 19392K, reserved 425984K
}
Event: 50.879 GC heap before
{Heap before GC invocations=83 (full 0):
 garbage-first heap   total 423936K, used 380525K [0x0000000080000000, 0x0000000100000000)
  region size 1024K, 20 young (20480K), 3 survivors (3072K)
 Metaspace       used 137771K, committed 139520K, reserved 557056K
  class space    used 18555K, committed 19392K, reserved 425984K
}
Event: 50.887 GC heap after
{Heap after GC invocations=84 (full 0):
 garbage-first heap   total 423936K, used 366583K [0x0000000080000000, 0x0000000100000000)
  region size 1024K, 3 young (3072K), 3 survivors (3072K)
 Metaspace       used 137771K, committed 139520K, reserved 557056K
  class space    used 18555K, committed 19392K, reserved 425984K
}
Event: 50.955 GC heap before
{Heap before GC invocations=84 (full 0):
 garbage-first heap   total 423936K, used 382967K [0x0000000080000000, 0x0000000100000000)
  region size 1024K, 20 young (20480K), 3 survivors (3072K)
 Metaspace       used 137771K, committed 139520K, reserved 557056K
  class space    used 18555K, committed 19392K, reserved 425984K
}
Event: 50.958 GC heap after
{Heap after GC invocations=85 (full 0):
 garbage-first heap   total 423936K, used 366844K [0x0000000080000000, 0x0000000100000000)
  region size 1024K, 3 young (3072K), 3 survivors (3072K)
 Metaspace       used 137771K, committed 139520K, reserved 557056K
  class space    used 18555K, committed 19392K, reserved 425984K
}
Event: 51.024 GC heap before
{Heap before GC invocations=85 (full 0):
 garbage-first heap   total 423936K, used 383228K [0x0000000080000000, 0x0000000100000000)
  region size 1024K, 20 young (20480K), 3 survivors (3072K)
 Metaspace       used 137773K, committed 139520K, reserved 557056K
  class space    used 18555K, committed 19392K, reserved 425984K
}

